Arguments: 
  /Users/robgordon/.fnm/node-versions/v14.18.1/installation/bin/node /usr/local/Cellar/yarn/1.22.17/libexec/bin/yarn.js add cytoscape-to-svg

PATH: 
  /Users/robgordon/.deta/bin:/var/folders/mm/kdc97bfj42xcs5mzr06bdf480000gn/T/fnm-shell-6555421/bin:/Users/robgordon/bin:/usr/local/bin:/Users/robgordon/.composer/vendor/bin:/usr/local/bin:/usr/bin:/bin:/usr/sbin:/sbin:/Library/Apple/usr/bin:/Users/robgordon/.cargo/bin:/Users/robgordon/.fig/bin

Yarn version: 
  1.22.17

Node version: 
  14.18.1

Platform: 
  darwin x64

Trace: 
  Error: https://registry.yarnpkg.com/cytoscape-to-svg: Not found
      at Request.params.callback [as _callback] (/usr/local/Cellar/yarn/1.22.17/libexec/lib/cli.js:67029:18)
      at Request.self.callback (/usr/local/Cellar/yarn/1.22.17/libexec/lib/cli.js:140883:22)
      at Request.emit (events.js:400:28)
      at Request.<anonymous> (/usr/local/Cellar/yarn/1.22.17/libexec/lib/cli.js:141855:10)
      at Request.emit (events.js:400:28)
      at IncomingMessage.<anonymous> (/usr/local/Cellar/yarn/1.22.17/libexec/lib/cli.js:141777:12)
      at Object.onceWrapper (events.js:519:28)
      at IncomingMessage.emit (events.js:412:35)
      at endReadableNT (internal/streams/readable.js:1334:12)
      at processTicksAndRejections (internal/process/task_queues.js:82:21)

npm manifest: 
  {
    "name": "@tone-row/cytoscape-svg",
    "version": "1.0.0",
    "description": "Add svg exports to cytoscape.js",
    "main": "cytoscape-svg.js",
    "repository": "https://github.com/tone-row/canvas-to-svg",
    "author": "Rob Gordon",
    "license": "MIT"
  }

yarn manifest: 
  No manifest

Lockfile: 
  No lockfile
